<?xml version="1.0" encoding="utf-8"?><testsuites name="pytest tests"><testsuite name="pytest" errors="0" failures="0" skipped="0" tests="17" time="3.202" timestamp="2026-04-23T11:28:59.961283+00:00" hostname="agent-env-7e6320e5-b9be-4314-ad46-f4c55cac7ab4"><testcase classname="backend.tests.backend_test.TestTopics" name="test_get_topics_returns_10" time="0.254" /><testcase classname="backend.tests.backend_test.TestTopics" name="test_get_single_topic" time="0.056" /><testcase classname="backend.tests.backend_test.TestTopics" name="test_get_invalid_topic" time="0.052" /><testcase classname="backend.tests.backend_test.TestAuth" name="test_login_success" time="0.279" /><testcase classname="backend.tests.backend_test.TestAuth" name="test_login_invalid" time="0.341" /><testcase classname="backend.tests.backend_test.TestAuth" name="test_auth_me_unauth" time="0.257" /><testcase classname="backend.tests.backend_test.TestAuth" name="test_auth_me_authed" time="0.413" /><testcase classname="backend.tests.backend_test.TestApplications" name="test_create_application_and_track" time="0.206" /><testcase classname="backend.tests.backend_test.TestApplications" name="test_create_with_invalid_topic" time="0.104" /><testcase classname="backend.tests.backend_test.TestApplications" name="test_track_invalid_id" time="0.118" /><testcase classname="backend.tests.backend_test.TestApplications" name="test_get_applications_requires_admin" time="0.152" /><testcase classname="backend.tests.backend_test.TestApplications" name="test_admin_list_applications" time="0.047" /><testcase classname="backend.tests.backend_test.TestApplications" name="test_admin_update_status" time="0.160" /><testcase classname="backend.tests.backend_test.TestApplications" name="test_admin_invalid_status" time="0.045" /><testcase classname="backend.tests.backend_test.TestStats" name="test_stats_requires_admin" time="0.113" /><testcase classname="backend.tests.backend_test.TestStats" name="test_stats_authed" time="0.055" /><testcase classname="backend.tests.backend_test.TestLogout" name="test_logout" time="0.429" /></testsuite></testsuites>